<?xml version="1.0" encoding="UTF-8"?>
<!-- Generated by org.testng.reporters.JUnitXMLReporter -->
<testsuite ignored="0" hostname="DSK-658" failures="0" tests="3" name="SignIn" time="50.837" errors="0" timestamp="2021-03-31T12:16:08 IST">
  <testcase classname="com.automation.testscripts.SignIn" name="invalidSignIn" time="5.22"/>
  <testcase classname="com.automation.testscripts.SignIn" name="invalidSignIn" time="5.588"/>
  <testcase classname="com.automation.testscripts.SignIn" name="validSignIn" time="8.303"/>
</testsuite> <!-- SignIn -->
