<?xml version="1.0" encoding="UTF-8"?>
<!-- Generated by org.testng.reporters.JUnitXMLReporter -->
<testsuite ignored="0" hostname="DSK-658" failures="0" tests="3" name="SignUp" time="52.986" errors="0" timestamp="2021-03-31T10:43:36 IST">
  <testcase classname="com.automation.testscripts.SignUp" name="invalidSignUp" time="7.296"/>
  <testcase classname="com.automation.testscripts.SignUp" name="emailIdExits" time="5.599"/>
  <testcase classname="com.automation.testscripts.SignUp" name="validSignUp" time="10.332"/>
</testsuite> <!-- SignUp -->
